0 info it worked if it ends with ok
1 verbose cli [ '/Users/norbert/.nvm/versions/node/v6.10.2/bin/node',
1 verbose cli   '/Users/norbert/.nvm/versions/node/v6.10.2/bin/npm',
1 verbose cli   'start' ]
2 info using npm@3.10.10
3 info using node@v6.10.2
4 verbose run-script [ 'prestart', 'start', 'poststart' ]
5 info lifecycle cryptoz@1.0.1~prestart: cryptoz@1.0.1
6 silly lifecycle cryptoz@1.0.1~prestart: no script for prestart, continuing
7 info lifecycle cryptoz@1.0.1~start: cryptoz@1.0.1
8 verbose lifecycle cryptoz@1.0.1~start: unsafe-perm in lifecycle true
9 verbose lifecycle cryptoz@1.0.1~start: PATH: /Users/norbert/.nvm/versions/node/v6.10.2/lib/node_modules/npm/bin/node-gyp-bin:/Users/norbert/My stuff/WORK/Zsolt/Cryptoz/node_modules/.bin:/Users/norbert/.nvm/versions/node/v6.10.2/bin:/Library/Frameworks/Python.framework/Versions/2.7/bin:/usr/local/bin:/usr/bin:/bin:/usr/sbin:/sbin:/opt/X11/bin:/usr/local/git/bin:/Users/norbert/Work/dockhub/dev/garcon/dock_hub:.
10 verbose lifecycle cryptoz@1.0.1~start: CWD: /Users/norbert/My stuff/WORK/Zsolt/Cryptoz
11 silly lifecycle cryptoz@1.0.1~start: Args: [ '-c', 'node index.html' ]
12 silly lifecycle cryptoz@1.0.1~start: Returned: code: 1  signal: null
13 info lifecycle cryptoz@1.0.1~start: Failed to exec start script
14 verbose stack Error: cryptoz@1.0.1 start: `node index.html`
14 verbose stack Exit status 1
14 verbose stack     at EventEmitter.<anonymous> (/Users/norbert/.nvm/versions/node/v6.10.2/lib/node_modules/npm/lib/utils/lifecycle.js:255:16)
14 verbose stack     at emitTwo (events.js:106:13)
14 verbose stack     at EventEmitter.emit (events.js:191:7)
14 verbose stack     at ChildProcess.<anonymous> (/Users/norbert/.nvm/versions/node/v6.10.2/lib/node_modules/npm/lib/utils/spawn.js:40:14)
14 verbose stack     at emitTwo (events.js:106:13)
14 verbose stack     at ChildProcess.emit (events.js:191:7)
14 verbose stack     at maybeClose (internal/child_process.js:886:16)
14 verbose stack     at Process.ChildProcess._handle.onexit (internal/child_process.js:226:5)
15 verbose pkgid cryptoz@1.0.1
16 verbose cwd /Users/norbert/My stuff/WORK/Zsolt/Cryptoz
17 error Darwin 17.3.0
18 error argv "/Users/norbert/.nvm/versions/node/v6.10.2/bin/node" "/Users/norbert/.nvm/versions/node/v6.10.2/bin/npm" "start"
19 error node v6.10.2
20 error npm  v3.10.10
21 error code ELIFECYCLE
22 error cryptoz@1.0.1 start: `node index.html`
22 error Exit status 1
23 error Failed at the cryptoz@1.0.1 start script 'node index.html'.
23 error Make sure you have the latest version of node.js and npm installed.
23 error If you do, this is most likely a problem with the cryptoz package,
23 error not with npm itself.
23 error Tell the author that this fails on your system:
23 error     node index.html
23 error You can get information on how to open an issue for this project with:
23 error     npm bugs cryptoz
23 error Or if that isn't available, you can get their info via:
23 error     npm owner ls cryptoz
23 error There is likely additional logging output above.
24 verbose exit [ 1, true ]
